<?xml version="1.0" encoding="UTF-8"?>
<!-- Generated by org.testng.reporters.JUnitReportReporter -->
<testsuite skipped="0" hostname="AbhiMurali" name="testpack.RedbusProject" tests="1" failures="0" timestamp="30 Apr 2019 05:59:51 GMT" time="91.742" errors="0">
  <testcase name="TripDetails" time="91.742" classname="testpack.RedbusProject"/>
</testsuite> <!-- testpack.RedbusProject -->
