<?xml version="1.0" encoding="UTF-8"?>
<!-- Generated by org.testng.reporters.JUnitReportReporter -->
<testsuite skipped="0" hostname="AbhiMurali" name="testpack.Test_Demo1$TestLogin" tests="1" failures="0" timestamp="10 Apr 2019 11:29:08 GMT" time="6.115" errors="0">
  <testcase name="succeeded" time="6.115" classname="testpack.Test_Demo1$TestLogin"/>
</testsuite> <!-- testpack.Test_Demo1$TestLogin -->
